<?xml version="1.0" encoding="UTF-8"?>
<!-- Generated by org.testng.reporters.JUnitReportReporter -->
<testsuite hostname="LAPTOP-KJ2IMOL1" failures="0" tests="6" name="project.LoginFunctionalTestCases" time="10.464" errors="0" timestamp="2023-03-23T16:07:39 IST" skipped="0">
  <testcase classname="project.LoginFunctionalTestCases" name="VerifyUser" time="1.241"/>
  <system-out/>
  <testcase classname="project.LoginFunctionalTestCases" name="VerifyUser" time="1.278"/>
  <system-out/>
  <testcase classname="project.LoginFunctionalTestCases" name="VerifyUser" time="1.235"/>
  <system-out/>
  <testcase classname="project.LoginFunctionalTestCases" name="VerifyUser" time="4.242"/>
  <system-out/>
  <testcase classname="project.LoginFunctionalTestCases" name="VerifyUser" time="1.235"/>
  <system-out/>
  <testcase classname="project.LoginFunctionalTestCases" name="VerifyUser" time="1.233"/>
  <system-out/>
</testsuite> <!-- project.LoginFunctionalTestCases -->
