<?xml version="1.0" encoding="UTF-8"?>
<!-- Generated by org.testng.reporters.JUnitReportReporter -->
<testsuite hostname="LAPTOP-KJ2IMOL1" failures="0" tests="6" name="projects.LoginFunctionalTestCases" time="33.995" errors="0" timestamp="2023-03-24T21:30:03 IST" skipped="0">
  <testcase classname="projects.LoginFunctionalTestCases" name="VerifyUser" time="2.586"/>
  <system-out/>
  <testcase classname="projects.LoginFunctionalTestCases" name="VerifyUser" time="1.879"/>
  <system-out/>
  <testcase classname="projects.LoginFunctionalTestCases" name="VerifyUser" time="2.539"/>
  <system-out/>
  <testcase classname="projects.LoginFunctionalTestCases" name="VerifyUser" time="2.046"/>
  <system-out/>
  <testcase classname="projects.LoginFunctionalTestCases" name="VerifyUser" time="23.125"/>
  <system-out/>
  <testcase classname="projects.LoginFunctionalTestCases" name="VerifyUser" time="1.820"/>
  <system-out/>
</testsuite> <!-- projects.LoginFunctionalTestCases -->
