<?xml version="1.0" encoding="UTF-8"?>
<!-- Generated by org.testng.reporters.JUnitReportReporter -->
<testsuite hostname="LAPTOP-KJ2IMOL1" failures="0" tests="1" name="testcases.SearchTestCase" time="0.015" errors="0" timestamp="2023-03-09T21:35:04 IST" skipped="0">
  <testcase classname="testcases.SearchTestCase" name="searchById" time="0.015"/>
  <system-out/>
</testsuite> <!-- testcases.SearchTestCase -->
