<?xml version="1.0" encoding="UTF-8"?>
<!-- Generated by org.testng.reporters.JUnitReportReporter -->
<testsuite hostname="LAPTOP-KJ2IMOL1" failures="0" tests="2" name="testcases.ProductPriceTestCase" time="8.939" errors="0" timestamp="2023-03-31T12:00:59 IST" skipped="0">
  <testcase classname="testcases.ProductPriceTestCase" name="verifyHighestPrice" time="4.628"/>
  <system-out/>
  <testcase classname="testcases.ProductPriceTestCase" name="verifyLowestPrice" time="4.311"/>
  <system-out/>
</testsuite> <!-- testcases.ProductPriceTestCase -->
