<?xml version="1.0" encoding="UTF-8"?>
<!-- Generated by org.testng.reporters.JUnitReportReporter -->
<testsuite hostname="LAPTOP-KJ2IMOL1" failures="0" tests="3" name="testcases.Dumy" time="0.015" errors="0" timestamp="2023-03-09T19:13:04 IST" skipped="1">
  <testcase classname="testcases.Dumy" name="three" time="0.012"/>
  <system-out/>
  <testcase classname="testcases.Dumy" name="one" time="0.003"/>
  <system-out/>
  <testcase classname="testcases.Dumy" name="two">
    <skipped/>
  </testcase> <!-- two -->
  <system-out/>
</testsuite> <!-- testcases.Dumy -->
