<?xml version="1.0" encoding="UTF-8"?>
<!-- Generated by org.testng.reporters.JUnitReportReporter -->
<testsuite hostname="LAPTOP-KJ2IMOL1" failures="0" tests="1" name="testcases.AppointmentTestCase" time="8.508" errors="0" timestamp="2023-03-25T01:19:42 IST" skipped="0">
  <testcase classname="testcases.AppointmentTestCase" name="makeAppointmnetBasicFlow" time="8.508"/>
  <system-out/>
</testsuite> <!-- testcases.AppointmentTestCase -->
