<?xml version="1.0" encoding="UTF-8"?>
<!-- Generated by org.testng.reporters.JUnitReportReporter -->
<testsuite hostname="LAPTOP-KJ2IMOL1" failures="0" tests="1" name="projects.ExtentDemo" time="3.239" errors="0" timestamp="2023-03-26T13:19:03 IST" skipped="0">
  <testcase classname="projects.ExtentDemo" name="extentReportsDemo" time="3.239"/>
  <system-out/>
</testsuite> <!-- projects.ExtentDemo -->
