<?xml version="1.0" encoding="UTF-8"?>
<!-- Generated by org.testng.reporters.JUnitReportReporter -->
<testsuite hostname="LAPTOP-KJ2IMOL1" failures="0" tests="1" name="project.AppointementCase" time="4.503" errors="0" timestamp="2023-03-23T21:55:24 IST" skipped="0">
  <testcase classname="project.AppointementCase" name="makeAppointmnet" time="4.503"/>
  <system-out/>
</testsuite> <!-- project.AppointementCase -->
